2025-01-16T20:42:01.707+05:30  INFO 24876 --- [anatomy] [restartedMain] c.ecommerce.anatomy.AnatomyApplication   : Starting AnatomyApplication using Java 22.0.1 with PID 24876 (C:\Users\vaibh\OneDrive\Desktop\Anatomy\anatomy\target\classes started by vaibh in C:\Users\vaibh\OneDrive\Desktop\Anatomy\anatomy)
2025-01-16T20:42:01.711+05:30  INFO 24876 --- [anatomy] [restartedMain] c.ecommerce.anatomy.AnatomyApplication   : No active profile set, falling back to 1 default profile: "default"
2025-01-16T20:42:01.794+05:30  INFO 24876 --- [anatomy] [restartedMain] .e.DevToolsPropertyDefaultsPostProcessor : Devtools property defaults active! Set 'spring.devtools.add-properties' to 'false' to disable
2025-01-16T20:42:01.800+05:30  INFO 24876 --- [anatomy] [restartedMain] .e.DevToolsPropertyDefaultsPostProcessor : For additional web related logging consider setting the 'logging.level.web' property to 'DEBUG'
2025-01-16T20:42:02.948+05:30  INFO 24876 --- [anatomy] [restartedMain] .s.d.r.c.RepositoryConfigurationDelegate : Bootstrapping Spring Data JPA repositories in DEFAULT mode.
2025-01-16T20:42:03.051+05:30  INFO 24876 --- [anatomy] [restartedMain] .s.d.r.c.RepositoryConfigurationDelegate : Finished Spring Data repository scanning in 83 ms. Found 1 JPA repository interface.
2025-01-16T20:42:03.911+05:30  INFO 24876 --- [anatomy] [restartedMain] o.s.b.w.embedded.tomcat.TomcatWebServer  : Tomcat initialized with port 8080 (http)
2025-01-16T20:42:03.932+05:30  INFO 24876 --- [anatomy] [restartedMain] o.apache.catalina.core.StandardService   : Starting service [Tomcat]
2025-01-16T20:42:03.932+05:30  INFO 24876 --- [anatomy] [restartedMain] o.apache.catalina.core.StandardEngine    : Starting Servlet engine: [Apache Tomcat/10.1.34]
2025-01-16T20:42:04.015+05:30  INFO 24876 --- [anatomy] [restartedMain] o.a.c.c.C.[Tomcat].[localhost].[/]       : Initializing Spring embedded WebApplicationContext
2025-01-16T20:42:04.015+05:30  INFO 24876 --- [anatomy] [restartedMain] w.s.c.ServletWebServerApplicationContext : Root WebApplicationContext: initialization completed in 2214 ms
2025-01-16T20:42:04.290+05:30  INFO 24876 --- [anatomy] [restartedMain] o.hibernate.jpa.internal.util.LogHelper  : HHH000204: Processing PersistenceUnitInfo [name: default]
2025-01-16T20:42:04.370+05:30  INFO 24876 --- [anatomy] [restartedMain] org.hibernate.Version                    : HHH000412: Hibernate ORM core version 6.6.4.Final
2025-01-16T20:42:04.423+05:30  INFO 24876 --- [anatomy] [restartedMain] o.h.c.internal.RegionFactoryInitiator    : HHH000026: Second-level cache disabled
2025-01-16T20:42:04.927+05:30  INFO 24876 --- [anatomy] [restartedMain] o.s.o.j.p.SpringPersistenceUnitInfo      : No LoadTimeWeaver setup: ignoring JPA class transformer
2025-01-16T20:42:05.029+05:30  INFO 24876 --- [anatomy] [restartedMain] com.zaxxer.hikari.HikariDataSource       : HikariPool-1 - Starting...
2025-01-16T20:42:05.574+05:30  INFO 24876 --- [anatomy] [restartedMain] com.zaxxer.hikari.pool.HikariPool        : HikariPool-1 - Added connection org.postgresql.jdbc.PgConnection@7e2ca2e2
2025-01-16T20:42:05.578+05:30  INFO 24876 --- [anatomy] [restartedMain] com.zaxxer.hikari.HikariDataSource       : HikariPool-1 - Start completed.
2025-01-16T20:42:05.770+05:30  INFO 24876 --- [anatomy] [restartedMain] org.hibernate.orm.connections.pooling    : HHH10001005: Database info:
	Database JDBC URL [Connecting through datasource 'HikariDataSource (HikariPool-1)']
	Database driver: undefined/unknown
	Database version: 16.3
	Autocommit mode: undefined/unknown
	Isolation level: undefined/unknown
	Minimum pool size: undefined/unknown
	Maximum pool size: undefined/unknown
2025-01-16T20:42:07.725+05:30  INFO 24876 --- [anatomy] [restartedMain] o.h.e.t.j.p.i.JtaPlatformInitiator       : HHH000489: No JTA platform available (set 'hibernate.transaction.jta.platform' to enable JTA platform integration)
2025-01-16T20:42:07.827+05:30  INFO 24876 --- [anatomy] [restartedMain] j.LocalContainerEntityManagerFactoryBean : Initialized JPA EntityManagerFactory for persistence unit 'default'
2025-01-16T20:42:08.290+05:30  WARN 24876 --- [anatomy] [restartedMain] JpaBaseConfiguration$JpaWebConfiguration : spring.jpa.open-in-view is enabled by default. Therefore, database queries may be performed during view rendering. Explicitly configure spring.jpa.open-in-view to disable this warning
2025-01-16T20:42:08.854+05:30  INFO 24876 --- [anatomy] [restartedMain] o.s.b.d.a.OptionalLiveReloadServer       : LiveReload server is running on port 35729
2025-01-16T20:42:08.904+05:30  INFO 24876 --- [anatomy] [restartedMain] o.s.b.w.embedded.tomcat.TomcatWebServer  : Tomcat started on port 8080 (http) with context path '/'
2025-01-16T20:42:08.915+05:30  INFO 24876 --- [anatomy] [restartedMain] c.ecommerce.anatomy.AnatomyApplication   : Started AnatomyApplication in 7.948 seconds (process running for 9.143)
2025-01-16T20:43:11.462+05:30  INFO 24876 --- [anatomy] [http-nio-8080-exec-1] o.a.c.c.C.[Tomcat].[localhost].[/]       : Initializing Spring DispatcherServlet 'dispatcherServlet'
2025-01-16T20:43:11.464+05:30  INFO 24876 --- [anatomy] [http-nio-8080-exec-1] o.s.web.servlet.DispatcherServlet        : Initializing Servlet 'dispatcherServlet'
2025-01-16T20:43:11.469+05:30  INFO 24876 --- [anatomy] [http-nio-8080-exec-1] o.s.web.servlet.DispatcherServlet        : Completed initialization in 3 ms
2025-01-16T20:43:11.887+05:30  INFO 24876 --- [anatomy] [http-nio-8080-exec-1] c.e.a.s.i.CategoryServiceImpl            : Category created successfully with ID: 6
2025-01-16T20:43:45.011+05:30  INFO 24876 --- [anatomy] [File Watcher] rtingClassPathChangeChangedEventListener : Restarting due to 1 class path change (0 additions, 0 deletions, 1 modification)
2025-01-16T20:43:45.017+05:30  INFO 24876 --- [anatomy] [Thread-5] o.s.b.w.e.tomcat.GracefulShutdown        : Commencing graceful shutdown. Waiting for active requests to complete
2025-01-16T20:43:45.024+05:30  INFO 24876 --- [anatomy] [tomcat-shutdown] o.s.b.w.e.tomcat.GracefulShutdown        : Graceful shutdown complete
2025-01-16T20:43:45.030+05:30  INFO 24876 --- [anatomy] [Thread-5] j.LocalContainerEntityManagerFactoryBean : Closing JPA EntityManagerFactory for persistence unit 'default'
2025-01-16T20:43:45.035+05:30  INFO 24876 --- [anatomy] [Thread-5] com.zaxxer.hikari.HikariDataSource       : HikariPool-1 - Shutdown initiated...
2025-01-16T20:43:45.042+05:30  INFO 24876 --- [anatomy] [Thread-5] com.zaxxer.hikari.HikariDataSource       : HikariPool-1 - Shutdown completed.
